<?xml version="1.0" encoding="UTF-8"?>
<!-- Generated by org.testng.reporters.JUnitReportReporter -->
<testsuite hostname="LAPTOP-JSAI8PDM" failures="0" tests="1" name="com.automationcode_ScreenRecoder.RecordingExecution" time="52.070" errors="0" timestamp="2023-04-30T18:02:23 PDT" skipped="0">
  <testcase classname="com.automationcode_ScreenRecoder.RecordingExecution" name="testCase1" time="52.070"/>
  <system-out/>
</testsuite> <!-- com.automationcode_ScreenRecoder.RecordingExecution -->
