<?xml version="1.0" encoding="UTF-8"?>
<!-- Generated by org.testng.reporters.JUnitReportReporter -->
<testsuite hostname="LAPTOP-JSAI8PDM" failures="0" tests="1" name="com.tutorialninja.rediff.assignment_24th_apr_2023.Tutorial_Register_New_User" time="52.247" errors="0" timestamp="2023-04-27T12:16:01 PDT" skipped="0">
  <testcase classname="com.tutorialninja.rediff.assignment_24th_apr_2023.Tutorial_Register_New_User" name="registerNewUser" time="52.247"/>
  <system-out/>
</testsuite> <!-- com.tutorialninja.rediff.assignment_24th_apr_2023.Tutorial_Register_New_User -->
