<?xml version="1.0" encoding="UTF-8"?>
<!-- Generated by org.testng.reporters.JUnitReportReporter -->
<testsuite hostname="LAPTOP-JSAI8PDM" failures="0" tests="1" name="com.tutorialninja.rediff.assignment_24th_apr_2023.Rediff_Login" time="19.337" errors="0" timestamp="2023-04-24T19:18:47 PDT" skipped="0">
  <testcase classname="com.tutorialninja.rediff.assignment_24th_apr_2023.Rediff_Login" name="loginRediff" time="19.337"/>
  <system-out/>
</testsuite> <!-- com.tutorialninja.rediff.assignment_24th_apr_2023.Rediff_Login -->
