<?xml version="1.0" encoding="UTF-8"?>
<!-- Generated by org.testng.reporters.JUnitReportReporter -->
<testsuite hostname="LAPTOP-JSAI8PDM" failures="0" tests="1" name="com.tutorialninja.rediff.assignment_24th_apr_2023.TutorialNinja_Register" time="8.646" errors="0" timestamp="2023-04-25T01:46:02 PDT" skipped="0">
  <testcase classname="com.tutorialninja.rediff.assignment_24th_apr_2023.TutorialNinja_Register" name="registerUser1" time="8.646"/>
  <system-out/>
</testsuite> <!-- com.tutorialninja.rediff.assignment_24th_apr_2023.TutorialNinja_Register -->
