<?xml version="1.0" encoding="UTF-8"?>
<!-- Generated by org.testng.reporters.JUnitReportReporter -->
<testsuite hostname="LAPTOP-JSAI8PDM" failures="0" tests="1" name="com.tutorialsNinja_assertion_23rd_apr_2023.Facebook_Dropdown" time="5.164" errors="0" timestamp="2023-04-24T16:17:33 PDT" skipped="0">
  <testcase classname="com.tutorialsNinja_assertion_23rd_apr_2023.Facebook_Dropdown" name="clickOnSignInLink" time="5.164"/>
  <system-out/>
</testsuite> <!-- com.tutorialsNinja_assertion_23rd_apr_2023.Facebook_Dropdown -->
