<?xml version="1.0" encoding="UTF-8"?>
<!-- Generated by org.testng.reporters.JUnitReportReporter -->
<testsuite hostname="LAPTOP-JSAI8PDM" failures="0" tests="1" name="firfox_option_4th_may_2023.FireFoxOptions" time="18.408" errors="0" timestamp="2023-05-09T13:55:27 PDT" skipped="0">
  <testcase classname="firfox_option_4th_may_2023.FireFoxOptions" name="firefoxOptionsTest" time="18.408"/>
  <system-out/>
</testsuite> <!-- firfox_option_4th_may_2023.FireFoxOptions -->
