<?xml version="1.0" encoding="UTF-8"?>
<!-- Generated by org.testng.reporters.JUnitReportReporter -->
<testsuite hostname="LAPTOP-JSAI8PDM" failures="0" tests="2" name="com.tutorialninja.rediff.assignment_24th_apr_2023.Rediff_LoginScreen" time="36.290" errors="0" timestamp="2023-05-01T02:22:41 PDT" skipped="0">
  <testcase classname="com.tutorialninja.rediff.assignment_24th_apr_2023.Rediff_LoginScreen" name="testCase1" time="17.096"/>
  <system-out/>
  <testcase classname="com.tutorialninja.rediff.assignment_24th_apr_2023.Rediff_LoginScreen" name="testCase1" time="19.194"/>
  <system-out/>
</testsuite> <!-- com.tutorialninja.rediff.assignment_24th_apr_2023.Rediff_LoginScreen -->
