<?xml version="1.0" encoding="UTF-8"?>
<!-- Generated by org.testng.reporters.JUnitReportReporter -->
<testsuite hostname="LAPTOP-JSAI8PDM" failures="0" tests="1" name="autosuggestive_dropdown_7th_may_2023.Autosuggestive_Dropdown" time="37.788" errors="0" timestamp="2023-05-07T17:27:46 PDT" skipped="0">
  <testcase classname="autosuggestive_dropdown_7th_may_2023.Autosuggestive_Dropdown" name="makeMyTrip" time="37.788"/>
  <system-out/>
</testsuite> <!-- autosuggestive_dropdown_7th_may_2023.Autosuggestive_Dropdown -->
