<?xml version="1.0" encoding="UTF-8"?>
<!-- Generated by org.testng.reporters.JUnitReportReporter -->
<testsuite hostname="LAPTOP-JSAI8PDM" failures="0" tests="1" name="com.tutorialninja.rediff.assignment_24th_apr_2023.TutorialNinja_RegisterUser" time="7.032" errors="0" timestamp="2023-04-24T19:23:40 PDT" skipped="0">
  <testcase classname="com.tutorialninja.rediff.assignment_24th_apr_2023.TutorialNinja_RegisterUser" name="registerTutorialNinja" time="7.032"/>
  <system-out/>
</testsuite> <!-- com.tutorialninja.rediff.assignment_24th_apr_2023.TutorialNinja_RegisterUser -->
