<?xml version="1.0" encoding="UTF-8"?>
<!-- Generated by org.testng.reporters.JUnitReportReporter -->
<testsuite hostname="LAPTOP-JSAI8PDM" failures="0" tests="3" name="parallel_testng_28th_apr_2023.Parallel_TestNG_Part_2" time="31.755" errors="0" timestamp="2023-04-28T16:08:58 PDT" skipped="0">
  <testcase classname="parallel_testng_28th_apr_2023.Parallel_TestNG_Part_2" name="tc2_1" time="12.579"/>
  <system-out/>
  <testcase classname="parallel_testng_28th_apr_2023.Parallel_TestNG_Part_2" name="tc2_2" time="7.121"/>
  <system-out/>
  <testcase classname="parallel_testng_28th_apr_2023.Parallel_TestNG_Part_2" name="tc2_1" time="12.055"/>
  <system-out/>
</testsuite> <!-- parallel_testng_28th_apr_2023.Parallel_TestNG_Part_2 -->
