<?xml version="1.0" encoding="UTF-8"?>
<!-- Generated by org.testng.reporters.JUnitReportReporter -->
<testsuite hostname="LAPTOP-JSAI8PDM" failures="0" tests="5" name="com.tutorialninja.rediff.assignment_24th_apr_2023.TutorialNinja_Login" time="30.977" errors="0" timestamp="2023-04-25T18:16:29 PDT" skipped="0">
  <testcase classname="com.tutorialninja.rediff.assignment_24th_apr_2023.TutorialNinja_Login" name="loginUser" time="6.249"/>
  <system-out/>
  <testcase classname="com.tutorialninja.rediff.assignment_24th_apr_2023.TutorialNinja_Login" name="loginUser" time="6.078"/>
  <system-out/>
  <testcase classname="com.tutorialninja.rediff.assignment_24th_apr_2023.TutorialNinja_Login" name="loginUser" time="6.442"/>
  <system-out/>
  <testcase classname="com.tutorialninja.rediff.assignment_24th_apr_2023.TutorialNinja_Login" name="loginUser" time="6.097"/>
  <system-out/>
  <testcase classname="com.tutorialninja.rediff.assignment_24th_apr_2023.TutorialNinja_Login" name="loginUser" time="6.111"/>
  <system-out/>
</testsuite> <!-- com.tutorialninja.rediff.assignment_24th_apr_2023.TutorialNinja_Login -->
