<?xml version="1.0" encoding="UTF-8"?>
<!-- Generated by org.testng.reporters.JUnitReportReporter -->
<testsuite hostname="LAPTOP-JSAI8PDM" failures="0" tests="4" name="com.automation.tutorialninja_20th_apr_2023.TutorialNinja_TestNG" time="25.643" errors="0" timestamp="2023-04-21T14:58:38 PDT" skipped="0">
  <testcase classname="com.automation.tutorialninja_20th_apr_2023.TutorialNinja_TestNG" name="clickOnLogin" time="5.996"/>
  <system-out/>
  <testcase classname="com.automation.tutorialninja_20th_apr_2023.TutorialNinja_TestNG" name="clickOnSignInLink" time="6.893"/>
  <system-out/>
  <testcase classname="com.automation.tutorialninja_20th_apr_2023.TutorialNinja_TestNG" name="openTutorialNinja" time="7.188"/>
  <system-out/>
  <testcase classname="com.automation.tutorialninja_20th_apr_2023.TutorialNinja_TestNG" name="clickOnMyaccount" time="5.566"/>
  <system-out/>
</testsuite> <!-- com.automation.tutorialninja_20th_apr_2023.TutorialNinja_TestNG -->
