<?xml version="1.0" encoding="UTF-8"?>
<!-- Generated by org.testng.reporters.JUnitReportReporter -->
<testsuite hostname="LAPTOP-JSAI8PDM" failures="0" tests="12" name="Learning_FileHandling_DataDriven_27thApr.TestCases_Rediff_TN_ExcelSheet" time="133.648" errors="0" timestamp="2023-04-28T02:06:42 PDT" skipped="0">
  <testcase classname="Learning_FileHandling_DataDriven_27thApr.TestCases_Rediff_TN_ExcelSheet" name="enterRediffLogicDetails" time="16.973"/>
  <system-out/>
  <testcase classname="Learning_FileHandling_DataDriven_27thApr.TestCases_Rediff_TN_ExcelSheet" name="enterRediffLogicDetails" time="10.222"/>
  <system-out/>
  <testcase classname="Learning_FileHandling_DataDriven_27thApr.TestCases_Rediff_TN_ExcelSheet" name="enterTNLogicDetails" time="7.206"/>
  <system-out/>
  <testcase classname="Learning_FileHandling_DataDriven_27thApr.TestCases_Rediff_TN_ExcelSheet" name="enterTNLogicDetails" time="6.516"/>
  <system-out/>
  <testcase classname="Learning_FileHandling_DataDriven_27thApr.TestCases_Rediff_TN_ExcelSheet" name="enterRediffLogicDetails" time="17.189"/>
  <system-out/>
  <testcase classname="Learning_FileHandling_DataDriven_27thApr.TestCases_Rediff_TN_ExcelSheet" name="enterTNLogicDetails" time="7.117"/>
  <system-out/>
  <testcase classname="Learning_FileHandling_DataDriven_27thApr.TestCases_Rediff_TN_ExcelSheet" name="enterTNLogicDetails" time="6.809"/>
  <system-out/>
  <testcase classname="Learning_FileHandling_DataDriven_27thApr.TestCases_Rediff_TN_ExcelSheet" name="enterTNLogicDetails" time="6.915"/>
  <system-out/>
  <testcase classname="Learning_FileHandling_DataDriven_27thApr.TestCases_Rediff_TN_ExcelSheet" name="enterTNLogicDetails" time="7.103"/>
  <system-out/>
  <testcase classname="Learning_FileHandling_DataDriven_27thApr.TestCases_Rediff_TN_ExcelSheet" name="enterRediffLogicDetails" time="20.763"/>
  <system-out/>
  <testcase classname="Learning_FileHandling_DataDriven_27thApr.TestCases_Rediff_TN_ExcelSheet" name="enterTNLogicDetails" time="10.893"/>
  <system-out/>
  <testcase classname="Learning_FileHandling_DataDriven_27thApr.TestCases_Rediff_TN_ExcelSheet" name="enterRediffLogicDetails" time="15.942"/>
  <system-out/>
</testsuite> <!-- Learning_FileHandling_DataDriven_27thApr.TestCases_Rediff_TN_ExcelSheet -->
