<?xml version="1.0" encoding="UTF-8"?>
<!-- Generated by org.testng.reporters.JUnitReportReporter -->
<testsuite hostname="LAPTOP-JSAI8PDM" failures="0" tests="1" name="parameter_registration_tutorialNinja.Parameter_Register_TutorialNinja" time="12.222" errors="0" timestamp="2023-05-01T03:35:19 PDT" skipped="0">
  <testcase classname="parameter_registration_tutorialNinja.Parameter_Register_TutorialNinja" name="registerTutorialNinja" time="12.222"/>
  <system-out/>
</testsuite> <!-- parameter_registration_tutorialNinja.Parameter_Register_TutorialNinja -->
