<?xml version="1.0" encoding="UTF-8"?>
<!-- Generated by org.testng.reporters.JUnitReportReporter -->
<testsuite hostname="LAPTOP-JSAI8PDM" failures="0" tests="2" name="Learning_FileHandling_DataDriven_27thApr.Readling_From_Properties_File" time="21.168" errors="0" timestamp="2023-04-27T19:37:36 PDT" skipped="0">
  <testcase classname="Learning_FileHandling_DataDriven_27thApr.Readling_From_Properties_File" name="tutorialsNinjaLoginTest" time="9.072"/>
  <system-out/>
  <testcase classname="Learning_FileHandling_DataDriven_27thApr.Readling_From_Properties_File" name="rediffLoginTest" time="12.096"/>
  <system-out/>
</testsuite> <!-- Learning_FileHandling_DataDriven_27thApr.Readling_From_Properties_File -->
