<?xml version="1.0" encoding="UTF-8"?>
<!-- Generated by org.testng.reporters.JUnitReportReporter -->
<testsuite hostname="LAPTOP-JSAI8PDM" failures="0" tests="5" name="com.tutorialninja.rediff.assignment_24th_apr_2023.TutorialNinja_Logout" time="34.557" errors="0" timestamp="2023-04-25T18:16:29 PDT" skipped="0">
  <testcase classname="com.tutorialninja.rediff.assignment_24th_apr_2023.TutorialNinja_Logout" name="logUser" time="6.993"/>
  <system-out/>
  <testcase classname="com.tutorialninja.rediff.assignment_24th_apr_2023.TutorialNinja_Logout" name="logUser" time="7.025"/>
  <system-out/>
  <testcase classname="com.tutorialninja.rediff.assignment_24th_apr_2023.TutorialNinja_Logout" name="logUser" time="6.881"/>
  <system-out/>
  <testcase classname="com.tutorialninja.rediff.assignment_24th_apr_2023.TutorialNinja_Logout" name="logUser" time="6.909"/>
  <system-out/>
  <testcase classname="com.tutorialninja.rediff.assignment_24th_apr_2023.TutorialNinja_Logout" name="logUser" time="6.749"/>
  <system-out/>
</testsuite> <!-- com.tutorialninja.rediff.assignment_24th_apr_2023.TutorialNinja_Logout -->
