<?xml version="1.0" encoding="UTF-8"?>
<!-- Generated by org.testng.reporters.JUnitReportReporter -->
<testsuite hostname="LAPTOP-JSAI8PDM" failures="0" tests="5" name="com.tutorialninja.rediff.assignment_24th_apr_2023.TutorialNinja_Login" time="76.051" errors="0" timestamp="2023-04-27T12:16:01 PDT" skipped="0">
  <testcase classname="com.tutorialninja.rediff.assignment_24th_apr_2023.TutorialNinja_Login" name="loginUser" time="14.992"/>
  <system-out/>
  <testcase classname="com.tutorialninja.rediff.assignment_24th_apr_2023.TutorialNinja_Login" name="loginUser" time="11.839"/>
  <system-out/>
  <testcase classname="com.tutorialninja.rediff.assignment_24th_apr_2023.TutorialNinja_Login" name="loginUser" time="13.163"/>
  <system-out/>
  <testcase classname="com.tutorialninja.rediff.assignment_24th_apr_2023.TutorialNinja_Login" name="loginUser" time="22.910"/>
  <system-out/>
  <testcase classname="com.tutorialninja.rediff.assignment_24th_apr_2023.TutorialNinja_Login" name="loginUser" time="13.147"/>
  <system-out/>
</testsuite> <!-- com.tutorialninja.rediff.assignment_24th_apr_2023.TutorialNinja_Login -->
