<?xml version="1.0" encoding="UTF-8"?>
<!-- Generated by org.testng.reporters.JUnitReportReporter -->
<testsuite hostname="LAPTOP-JSAI8PDM" failures="0" tests="1" name="parameter_registration_tutorialNinja.Parameter_Register_TutorialNinja" time="7.140" errors="0" timestamp="2023-05-28T19:01:07 PDT" skipped="0">
  <testcase classname="parameter_registration_tutorialNinja.Parameter_Register_TutorialNinja" name="registerTutorialNinja" time="7.140"/>
  <system-out/>
</testsuite> <!-- parameter_registration_tutorialNinja.Parameter_Register_TutorialNinja -->
