<?xml version="1.0" encoding="UTF-8"?>
<!-- Generated by org.testng.reporters.JUnitReportReporter -->
<testsuite hostname="LAPTOP-JSAI8PDM" failures="0" tests="5" name="com.tutorialninja.rediff.assignment_24th_apr_2023.TutorialNinja_Logout" time="73.837" errors="0" timestamp="2023-05-28T19:01:07 PDT" skipped="0">
  <testcase classname="com.tutorialninja.rediff.assignment_24th_apr_2023.TutorialNinja_Logout" name="logUser" time="6.868"/>
  <system-out/>
  <testcase classname="com.tutorialninja.rediff.assignment_24th_apr_2023.TutorialNinja_Logout" name="logUser" time="45.076"/>
  <system-out/>
  <testcase classname="com.tutorialninja.rediff.assignment_24th_apr_2023.TutorialNinja_Logout" name="logUser" time="7.475"/>
  <system-out/>
  <testcase classname="com.tutorialninja.rediff.assignment_24th_apr_2023.TutorialNinja_Logout" name="logUser" time="7.304"/>
  <system-out/>
  <testcase classname="com.tutorialninja.rediff.assignment_24th_apr_2023.TutorialNinja_Logout" name="logUser" time="7.114"/>
  <system-out/>
</testsuite> <!-- com.tutorialninja.rediff.assignment_24th_apr_2023.TutorialNinja_Logout -->
