<?xml version="1.0" encoding="UTF-8"?>
<!-- Generated by org.testng.reporters.JUnitReportReporter -->
<testsuite hostname="LAPTOP-JSAI8PDM" failures="0" tests="1" name="com.tutorialninja.rediff.assignment_24th_apr_2023.Tutorial_Register_New_User" time="7.277" errors="0" timestamp="2023-05-28T19:01:07 PDT" skipped="0">
  <testcase classname="com.tutorialninja.rediff.assignment_24th_apr_2023.Tutorial_Register_New_User" name="registerNewUser" time="7.277"/>
  <system-out/>
</testsuite> <!-- com.tutorialninja.rediff.assignment_24th_apr_2023.Tutorial_Register_New_User -->
